# JRE version: Java(TM) SE Runtime Environment (8.0_66-b18) (build 1.8.0_66-b18)
# Java VM: Java HotSpot(TM) Client VM (25.66-b18 mixed mode windows-x86 )
Heap:
 def new generation   total 4992K, used 89K [0x04a00000, 0x04f60000, 0x09f50000)
  eden space 4480K,   2% used [0x04a00000, 0x04a16688, 0x04e60000)
  from space 512K,   0% used [0x04e60000, 0x04e60000, 0x04ee0000)
  to   space 512K,   0% used [0x04ee0000, 0x04ee0000, 0x04f60000)
 tenured generation   total 10944K, used 311K [0x09f50000, 0x0aa00000, 0x14a00000)
   the space 10944K,   2% used [0x09f50000, 0x09f9de50, 0x09f9e000, 0x0aa00000)
 Metaspace       used 1679K, capacity 2280K, committed 2368K, reserved 4480K
GC Heap History (4 events):
Event: 0.682 GC heap before
{Heap before GC invocations=0 (full 0):
 def new generation   total 4928K, used 712K [0x04a00000, 0x04f50000, 0x09f50000)
  eden space 4416K,  16% used [0x04a00000, 0x04ab2220, 0x04e50000)
  from space 512K,   0% used [0x04e50000, 0x04e50000, 0x04ed0000)
  to   space 512K,   0% used [0x04ed0000, 0x04ed0000, 0x04f50000)
 tenured generation   total 10944K, used 0K [0x09f50000, 0x0aa00000, 0x14a00000)
   the space 10944K,   0% used [0x09f50000, 0x09f50000, 0x09f50200, 0x0aa00000)
 Metaspace       used 1678K, capacity 2280K, committed 2368K, reserved 4480K
Event: 0.684 GC heap after
Heap after GC invocations=1 (full 1):
 def new generation   total 4992K, used 0K [0x04a00000, 0x04f60000, 0x09f50000)
  eden space 4480K,   0% used [0x04a00000, 0x04a00000, 0x04e60000)
  from space 512K,   0% used [0x04e60000, 0x04e60000, 0x04ee0000)
  to   space 512K,   0% used [0x04ee0000, 0x04ee0000, 0x04f60000)
 tenured generation   total 10944K, used 311K [0x09f50000, 0x0aa00000, 0x14a00000)
   the space 10944K,   2% used [0x09f50000, 0x09f9dd50, 0x09f9de00, 0x0aa00000)
 Metaspace       used 1678K, capacity 2280K, committed 2368K, reserved 4480K
}
Event: 1.989 GC heap before
{Heap before GC invocations=1 (full 1):
 def new generation   total 4992K, used 89K [0x04a00000, 0x04f60000, 0x09f50000)
  eden space 4480K,   2% used [0x04a00000, 0x04a166d0, 0x04e60000)
  from space 512K,   0% used [0x04e60000, 0x04e60000, 0x04ee0000)
  to   space 512K,   0% used [0x04ee0000, 0x04ee0000, 0x04f60000)
 tenured generation   total 10944K, used 311K [0x09f50000, 0x0aa00000, 0x14a00000)
   the space 10944K,   2% used [0x09f50000, 0x09f9dd50, 0x09f9de00, 0x0aa00000)
 Metaspace       used 1679K, capacity 2280K, committed 2368K, reserved 4480K
Event: 1.991 GC heap after
Heap after GC invocations=2 (full 2):
 def new generation   total 4992K, used 0K [0x04a00000, 0x04f60000, 0x09f50000)
  eden space 4480K,   0% used [0x04a00000, 0x04a00000, 0x04e60000)
  from space 512K,   0% used [0x04e60000, 0x04e60000, 0x04ee0000)
  to   space 512K,   0% used [0x04ee0000, 0x04ee0000, 0x04f60000)
 tenured generation   total 10944K, used 311K [0x09f50000, 0x0aa00000, 0x14a00000)
   the space 10944K,   2% used [0x09f50000, 0x09f9de50, 0x09f9e000, 0x0aa00000)
 Metaspace       used 1679K, capacity 2280K, committed 2368K, reserved 4480K
}

